<?xml version="1.0" encoding="UTF-8"?>
<testsuite xmlns:xsi="http://www.w3.org/2001/XMLSchema-instance" xsi:noNamespaceSchemaLocation="https://maven.apache.org/surefire/maven-surefire-plugin/xsd/surefire-test-report-3.0.xsd" version="3.0" name="TestSuite" time="35.262" tests="1" errors="0" skipped="0" failures="0">
  <properties>
[...]
</properties>
  <testcase name="goToVirtueMart" classname="com.vmd.testscripts.VirtueMartHomePageTest" time="28.297">
    <system-out><![CDATA[Browser name is : chrome
Step 1: Navigating to the URL
---------------------------------------------------------
Step 2: Entering the credentials for login
---------------------------------------------------------
Step 3: Clicking on the login button
Successfully logged into the account
---------------------------------------------------------
Step 4: Verifying the login
Authentication successful
Text: Hi Demo is present
---------------------------------------------------------
Step 5: Searching for cowboy Hat
---------------------------------------------------------
Step 6: Adding the product to cart
---------------------------------------------------------
Step 7: Checking the product list
---------------------------------------------------------
Step 8: Verifying the product price
Calculated price is 12.0
---------------------------------------------------------
Step 9: Clicking on the Terms and Conditions checkBox
---------------------------------------------------------
Step 10: clicking on confirm purchase button
---------------------------------------------------------
Step 11: Verifying the purchase
Text: Thank you for your order! is present
---------------------------------------------------------
Step 12: Logging out from the account
---------------------------------------------------------
]]></system-out>
    <system-err><![CDATA[SLF4J: Failed to load class "org.slf4j.impl.StaticLoggerBinder".
SLF4J: Defaulting to no-operation (NOP) logger implementation
SLF4J: See http://www.slf4j.org/codes.html#StaticLoggerBinder for further details.
Starting ChromeDriver 92.0.4515.107 (87a818b10553a07434ea9e2b6dccf3cbe7895134-refs/branch-heads/4515@{#1634}) on port 27718
Only local connections are allowed.
Please see https://chromedriver.chromium.org/security-considerations for suggestions on keeping ChromeDriver safe.
ChromeDriver was started successfully.
Sep 03, 2021 12:38:30 PM org.openqa.selenium.remote.ProtocolHandshake createSession
INFO: Detected dialect: W3C
]]></system-err>
  </testcase>
</testsuite>