<?xml version="1.0" encoding="UTF-8"?>
<testng-results skipped="0" failed="0" ignored="0" total="1" passed="1">
  <reporter-output>
  </reporter-output>
  <suite name="Suite" duration-ms="33699" started-at="2021-09-03T12:38:24 IST" finished-at="2021-09-03T12:38:58 IST">
    <groups>
    </groups>
    <test name="Test" duration-ms="33699" started-at="2021-09-03T12:38:24 IST" finished-at="2021-09-03T12:38:58 IST">
      <class name="com.vmd.testscripts.VirtueMartHomePageTest">
        <test-method status="PASS" signature="setUpTest(java.lang.String)[pri:0, instance:com.vmd.testscripts.VirtueMartHomePageTest@617faa95]" name="setUpTest" is-config="true" duration-ms="5363" started-at="2021-09-03T12:38:24 IST" finished-at="2021-09-03T12:38:30 IST">
          <params>
            <param index="0">
              <value>
                <![CDATA[chrome]]>
              </value>
            </param>
          </params>
          <reporter-output>
          </reporter-output>
        </test-method> <!-- setUpTest -->
        <test-method status="PASS" signature="goToVirtueMart()[pri:0, instance:com.vmd.testscripts.VirtueMartHomePageTest@617faa95]" name="goToVirtueMart" duration-ms="28304" started-at="2021-09-03T12:38:30 IST" finished-at="2021-09-03T12:38:58 IST">
          <reporter-output>
          </reporter-output>
        </test-method> <!-- goToVirtueMart -->
        <test-method status="PASS" signature="teardownTest()[pri:0, instance:com.vmd.testscripts.VirtueMartHomePageTest@617faa95]" name="teardownTest" is-config="true" duration-ms="1" started-at="2021-09-03T12:38:58 IST" finished-at="2021-09-03T12:38:58 IST">
          <reporter-output>
          </reporter-output>
        </test-method> <!-- teardownTest -->
      </class> <!-- com.vmd.testscripts.VirtueMartHomePageTest -->
    </test> <!-- Test -->
  </suite> <!-- Suite -->
</testng-results>
